  Main.cpp
c:\users\kath-\desktop\lunarlander\lunarlander\anisprite.h(71): warning C4244: '=': conversion from 'int' to 'float', possible loss of data
c:\users\kath-\desktop\lunarlander\lunarlander\anisprite.h(72): warning C4244: 'return': conversion from 'float' to 'int', possible loss of data
c:\users\kath-\desktop\lunarlander\lunarlander\anisprite.h(73): warning C4244: 'return': conversion from 'float' to 'int', possible loss of data
c:\users\kath-\desktop\lunarlander\lunarlander\anisprite.h(76): warning C4244: 'return': conversion from 'float' to 'int', possible loss of data
c:\users\kath-\desktop\lunarlander\lunarlander\anisprite.h(77): warning C4244: 'return': conversion from 'float' to 'int', possible loss of data
c:\users\kath-\desktop\lunarlander\lunarlander\main.cpp(21): warning C4305: 'initializing': truncation from 'double' to 'float'
c:\users\kath-\desktop\lunarlander\lunarlander\main.cpp(58): warning C4244: 'argument': conversion from 'int' to 'float', possible loss of data
c:\users\kath-\desktop\lunarlander\lunarlander\main.cpp(68): warning C4244: 'argument': conversion from 'int' to 'float', possible loss of data
c:\users\kath-\desktop\lunarlander\lunarlander\main.cpp(69): warning C4244: 'argument': conversion from 'int' to 'float', possible loss of data
c:\users\kath-\desktop\lunarlander\lunarlander\main.cpp(70): warning C4244: 'argument': conversion from 'int' to 'float', possible loss of data
c:\users\kath-\desktop\lunarlander\lunarlander\main.cpp(71): warning C4244: 'argument': conversion from 'int' to 'float', possible loss of data
c:\users\kath-\desktop\lunarlander\lunarlander\main.cpp(74): warning C4244: 'argument': conversion from 'int' to 'float', possible loss of data
c:\users\kath-\desktop\lunarlander\lunarlander\main.cpp(77): warning C4244: 'argument': conversion from 'int' to 'float', possible loss of data
c:\users\kath-\desktop\lunarlander\lunarlander\main.cpp(80): warning C4244: 'argument': conversion from 'int' to 'float', possible loss of data
c:\users\kath-\desktop\lunarlander\lunarlander\main.cpp(82): warning C4244: 'argument': conversion from 'int' to 'float', possible loss of data
c:\users\kath-\desktop\lunarlander\lunarlander\main.cpp(83): warning C4244: 'argument': conversion from 'int' to 'float', possible loss of data
c:\users\kath-\desktop\lunarlander\lunarlander\main.cpp(84): warning C4244: 'argument': conversion from 'int' to 'float', possible loss of data
c:\users\kath-\desktop\lunarlander\lunarlander\main.cpp(89): warning C4244: 'argument': conversion from 'int' to 'float', possible loss of data
c:\users\kath-\desktop\lunarlander\lunarlander\main.cpp(97): warning C4244: 'initializing': conversion from 'double' to 'int', possible loss of data
c:\users\kath-\desktop\lunarlander\lunarlander\main.cpp(98): warning C4244: 'initializing': conversion from 'double' to 'int', possible loss of data
c:\users\kath-\desktop\lunarlander\lunarlander\main.cpp(99): warning C4244: 'initializing': conversion from 'double' to 'int', possible loss of data
c:\users\kath-\desktop\lunarlander\lunarlander\main.cpp(100): warning C4244: 'initializing': conversion from 'double' to 'int', possible loss of data
c:\users\kath-\desktop\lunarlander\lunarlander\main.cpp(135): warning C4244: 'argument': conversion from 'double' to 'float', possible loss of data
c:\users\kath-\desktop\lunarlander\lunarlander\main.cpp(140): warning C4244: 'argument': conversion from 'double' to 'float', possible loss of data
c:\users\kath-\desktop\lunarlander\lunarlander\main.cpp(144): warning C4244: 'argument': conversion from 'double' to 'float', possible loss of data
c:\users\kath-\desktop\lunarlander\lunarlander\main.cpp(146): warning C4244: 'argument': conversion from 'double' to 'float', possible loss of data
c:\users\kath-\desktop\lunarlander\lunarlander\main.cpp(164): warning C4244: 'argument': conversion from 'int' to 'float', possible loss of data
  LunarLander.vcxproj -> C:\Users\kath-\Desktop\LunarLander\Debug\LunarLander.exe
  LunarLander.vcxproj -> C:\Users\kath-\Desktop\LunarLander\Debug\LunarLander.pdb (Full PDB)
